<?xml version="1.0" encoding="UTF-8"?>
<testng-results skipped="4" failed="0" ignored="0" total="9" passed="5">
  <reporter-output>
  </reporter-output>
  <suite name="Suite B" duration-ms="357" started-at="2018-12-22T07:51:02Z" finished-at="2018-12-22T07:51:02Z">
    <groups>
    </groups>
    <test name="Test1" duration-ms="357" started-at="2018-12-22T07:51:02Z" finished-at="2018-12-22T07:51:02Z">
      <class name="com.selenium.framework.datadriven.suiteB.Test1">
        <test-method status="SKIP" signature="test1(java.util.Hashtable)[pri:0, instance:com.selenium.framework.datadriven.suiteB.Test1@50b494a6]" name="test1" duration-ms="91" started-at="2018-12-22T07:51:02Z" data-provider="suiteBDataProvider" finished-at="2018-12-22T07:51:02Z">
          <params>
            <param index="0">
              <value>
                <![CDATA[{Col4=C14, Col3=C13, Col2=C12, Col1=C11, Runmode=N, Result=}]]>
              </value>
            </param>
          </params>
          <exception class="org.testng.SkipException">
            <message>
              <![CDATA[Skipping the test Test1 inside the suite SuiteB]]>
            </message>
            <full-stacktrace>
              <![CDATA[org.testng.SkipException: Skipping the test Test1 inside the suite SuiteB
at com.selenium.framework.datadriven.TestBase.validateRunmodes(TestBase.java:64)
at com.selenium.framework.datadriven.suiteB.Test1.test1(Test1.java:29)
at sun.reflect.NativeMethodAccessorImpl.invoke0(Native Method)
at sun.reflect.NativeMethodAccessorImpl.invoke(Unknown Source)
at sun.reflect.DelegatingMethodAccessorImpl.invoke(Unknown Source)
at java.lang.reflect.Method.invoke(Unknown Source)
at org.testng.internal.MethodInvocationHelper.invokeMethod(MethodInvocationHelper.java:124)
at org.testng.internal.Invoker.invokeMethod(Invoker.java:580)
at org.testng.internal.Invoker.invokeTestMethod(Invoker.java:716)
at org.testng.internal.Invoker.invokeTestMethods(Invoker.java:988)
at org.testng.internal.TestMethodWorker.invokeTestMethods(TestMethodWorker.java:125)
at org.testng.internal.TestMethodWorker.run(TestMethodWorker.java:109)
at org.testng.TestRunner.privateRun(TestRunner.java:648)
at org.testng.TestRunner.run(TestRunner.java:505)
at org.testng.SuiteRunner.runTest(SuiteRunner.java:455)
at org.testng.SuiteRunner.runSequentially(SuiteRunner.java:450)
at org.testng.SuiteRunner.privateRun(SuiteRunner.java:415)
at org.testng.SuiteRunner.run(SuiteRunner.java:364)
at org.testng.SuiteRunnerWorker.runSuite(SuiteRunnerWorker.java:52)
at org.testng.SuiteRunnerWorker.run(SuiteRunnerWorker.java:84)
at org.testng.TestNG.runSuitesSequentially(TestNG.java:1208)
at org.testng.TestNG.runSuitesSequentially(TestNG.java:1204)
at org.testng.TestNG.runSuitesLocally(TestNG.java:1137)
at org.testng.TestNG.runSuites(TestNG.java:1049)
at org.testng.TestNG.run(TestNG.java:1017)
at org.testng.remote.AbstractRemoteTestNG.run(AbstractRemoteTestNG.java:114)
at org.testng.remote.RemoteTestNG.initAndRun(RemoteTestNG.java:251)
at org.testng.remote.RemoteTestNG.main(RemoteTestNG.java:77)
]]>
            </full-stacktrace>
          </exception> <!-- org.testng.SkipException -->
          <reporter-output>
          </reporter-output>
        </test-method> <!-- test1 -->
        <test-method status="SKIP" signature="test1(java.util.Hashtable)[pri:0, instance:com.selenium.framework.datadriven.suiteB.Test1@50b494a6]" name="test1" duration-ms="120" started-at="2018-12-22T07:51:02Z" data-provider="suiteBDataProvider" finished-at="2018-12-22T07:51:02Z">
          <params>
            <param index="0">
              <value>
                <![CDATA[{Col4=C24, Col3=C23, Col2=C22, Col1=C21, Runmode=N, Result=}]]>
              </value>
            </param>
          </params>
          <exception class="org.testng.SkipException">
            <message>
              <![CDATA[Skipping the test Test1 inside the suite SuiteB]]>
            </message>
            <full-stacktrace>
              <![CDATA[org.testng.SkipException: Skipping the test Test1 inside the suite SuiteB
at com.selenium.framework.datadriven.TestBase.validateRunmodes(TestBase.java:64)
at com.selenium.framework.datadriven.suiteB.Test1.test1(Test1.java:29)
at sun.reflect.NativeMethodAccessorImpl.invoke0(Native Method)
at sun.reflect.NativeMethodAccessorImpl.invoke(Unknown Source)
at sun.reflect.DelegatingMethodAccessorImpl.invoke(Unknown Source)
at java.lang.reflect.Method.invoke(Unknown Source)
at org.testng.internal.MethodInvocationHelper.invokeMethod(MethodInvocationHelper.java:124)
at org.testng.internal.Invoker.invokeMethod(Invoker.java:580)
at org.testng.internal.Invoker.invokeTestMethod(Invoker.java:716)
at org.testng.internal.Invoker.invokeTestMethods(Invoker.java:988)
at org.testng.internal.TestMethodWorker.invokeTestMethods(TestMethodWorker.java:125)
at org.testng.internal.TestMethodWorker.run(TestMethodWorker.java:109)
at org.testng.TestRunner.privateRun(TestRunner.java:648)
at org.testng.TestRunner.run(TestRunner.java:505)
at org.testng.SuiteRunner.runTest(SuiteRunner.java:455)
at org.testng.SuiteRunner.runSequentially(SuiteRunner.java:450)
at org.testng.SuiteRunner.privateRun(SuiteRunner.java:415)
at org.testng.SuiteRunner.run(SuiteRunner.java:364)
at org.testng.SuiteRunnerWorker.runSuite(SuiteRunnerWorker.java:52)
at org.testng.SuiteRunnerWorker.run(SuiteRunnerWorker.java:84)
at org.testng.TestNG.runSuitesSequentially(TestNG.java:1208)
at org.testng.TestNG.runSuitesSequentially(TestNG.java:1204)
at org.testng.TestNG.runSuitesLocally(TestNG.java:1137)
at org.testng.TestNG.runSuites(TestNG.java:1049)
at org.testng.TestNG.run(TestNG.java:1017)
at org.testng.remote.AbstractRemoteTestNG.run(AbstractRemoteTestNG.java:114)
at org.testng.remote.RemoteTestNG.initAndRun(RemoteTestNG.java:251)
at org.testng.remote.RemoteTestNG.main(RemoteTestNG.java:77)
]]>
            </full-stacktrace>
          </exception> <!-- org.testng.SkipException -->
          <reporter-output>
          </reporter-output>
        </test-method> <!-- test1 -->
        <test-method status="SKIP" signature="test1(java.util.Hashtable)[pri:0, instance:com.selenium.framework.datadriven.suiteB.Test1@50b494a6]" name="test1" duration-ms="35" started-at="2018-12-22T07:51:02Z" data-provider="suiteBDataProvider" finished-at="2018-12-22T07:51:02Z">
          <params>
            <param index="0">
              <value>
                <![CDATA[{Col4=C34, Col3=C33, Col2=C32, Col1=C31, Runmode=N, Result=}]]>
              </value>
            </param>
          </params>
          <exception class="org.testng.SkipException">
            <message>
              <![CDATA[Skipping the test Test1 inside the suite SuiteB]]>
            </message>
            <full-stacktrace>
              <![CDATA[org.testng.SkipException: Skipping the test Test1 inside the suite SuiteB
at com.selenium.framework.datadriven.TestBase.validateRunmodes(TestBase.java:64)
at com.selenium.framework.datadriven.suiteB.Test1.test1(Test1.java:29)
at sun.reflect.NativeMethodAccessorImpl.invoke0(Native Method)
at sun.reflect.NativeMethodAccessorImpl.invoke(Unknown Source)
at sun.reflect.DelegatingMethodAccessorImpl.invoke(Unknown Source)
at java.lang.reflect.Method.invoke(Unknown Source)
at org.testng.internal.MethodInvocationHelper.invokeMethod(MethodInvocationHelper.java:124)
at org.testng.internal.Invoker.invokeMethod(Invoker.java:580)
at org.testng.internal.Invoker.invokeTestMethod(Invoker.java:716)
at org.testng.internal.Invoker.invokeTestMethods(Invoker.java:988)
at org.testng.internal.TestMethodWorker.invokeTestMethods(TestMethodWorker.java:125)
at org.testng.internal.TestMethodWorker.run(TestMethodWorker.java:109)
at org.testng.TestRunner.privateRun(TestRunner.java:648)
at org.testng.TestRunner.run(TestRunner.java:505)
at org.testng.SuiteRunner.runTest(SuiteRunner.java:455)
at org.testng.SuiteRunner.runSequentially(SuiteRunner.java:450)
at org.testng.SuiteRunner.privateRun(SuiteRunner.java:415)
at org.testng.SuiteRunner.run(SuiteRunner.java:364)
at org.testng.SuiteRunnerWorker.runSuite(SuiteRunnerWorker.java:52)
at org.testng.SuiteRunnerWorker.run(SuiteRunnerWorker.java:84)
at org.testng.TestNG.runSuitesSequentially(TestNG.java:1208)
at org.testng.TestNG.runSuitesSequentially(TestNG.java:1204)
at org.testng.TestNG.runSuitesLocally(TestNG.java:1137)
at org.testng.TestNG.runSuites(TestNG.java:1049)
at org.testng.TestNG.run(TestNG.java:1017)
at org.testng.remote.AbstractRemoteTestNG.run(AbstractRemoteTestNG.java:114)
at org.testng.remote.RemoteTestNG.initAndRun(RemoteTestNG.java:251)
at org.testng.remote.RemoteTestNG.main(RemoteTestNG.java:77)
]]>
            </full-stacktrace>
          </exception> <!-- org.testng.SkipException -->
          <reporter-output>
          </reporter-output>
        </test-method> <!-- test1 -->
        <test-method status="PASS" signature="test1(java.util.Hashtable)[pri:0, instance:com.selenium.framework.datadriven.suiteB.Test1@50b494a6]" name="test1" duration-ms="48" started-at="2018-12-22T07:51:02Z" data-provider="suiteBDataProvider" finished-at="2018-12-22T07:51:02Z">
          <params>
            <param index="0">
              <value>
                <![CDATA[{Col4=C44, Col3=C43, Col2=C42, Col1=C41, Runmode=Y, Result=}]]>
              </value>
            </param>
          </params>
          <reporter-output>
          </reporter-output>
        </test-method> <!-- test1 -->
      </class> <!-- com.selenium.framework.datadriven.suiteB.Test1 -->
    </test> <!-- Test1 -->
  </suite> <!-- Suite B -->
  <suite name="Suite A" duration-ms="900" started-at="2018-12-22T07:51:01Z" finished-at="2018-12-22T07:51:01Z">
    <groups>
    </groups>
    <test name="Test1" duration-ms="762" started-at="2018-12-22T07:51:01Z" finished-at="2018-12-22T07:51:01Z">
      <class name="com.selenium.framework.datadriven.suiteA.Test1">
        <test-method status="PASS" signature="test1(java.util.Hashtable)[pri:0, instance:com.selenium.framework.datadriven.suiteA.Test1@6b09bb57]" name="test1" duration-ms="94" started-at="2018-12-22T07:51:01Z" data-provider="suiteADataProvider" finished-at="2018-12-22T07:51:01Z">
          <params>
            <param index="0">
              <value>
                <![CDATA[{Col4=C14, Col3=C13, Col2=C12, Col1=C11, Runmode=Y, Result=}]]>
              </value>
            </param>
          </params>
          <reporter-output>
          </reporter-output>
        </test-method> <!-- test1 -->
        <test-method status="SKIP" signature="test1(java.util.Hashtable)[pri:0, instance:com.selenium.framework.datadriven.suiteA.Test1@6b09bb57]" name="test1" duration-ms="53" started-at="2018-12-22T07:51:01Z" data-provider="suiteADataProvider" finished-at="2018-12-22T07:51:01Z">
          <params>
            <param index="0">
              <value>
                <![CDATA[{Col4=C24, Col3=C23, Col2=C22, Col1=C21, Runmode=N, Result=}]]>
              </value>
            </param>
          </params>
          <exception class="org.testng.SkipException">
            <message>
              <![CDATA[Skipping the test Test1 inside the suite SuiteA]]>
            </message>
            <full-stacktrace>
              <![CDATA[org.testng.SkipException: Skipping the test Test1 inside the suite SuiteA
at com.selenium.framework.datadriven.TestBase.validateRunmodes(TestBase.java:64)
at com.selenium.framework.datadriven.suiteA.Test1.test1(Test1.java:15)
at sun.reflect.NativeMethodAccessorImpl.invoke0(Native Method)
at sun.reflect.NativeMethodAccessorImpl.invoke(Unknown Source)
at sun.reflect.DelegatingMethodAccessorImpl.invoke(Unknown Source)
at java.lang.reflect.Method.invoke(Unknown Source)
at org.testng.internal.MethodInvocationHelper.invokeMethod(MethodInvocationHelper.java:124)
at org.testng.internal.Invoker.invokeMethod(Invoker.java:580)
at org.testng.internal.Invoker.invokeTestMethod(Invoker.java:716)
at org.testng.internal.Invoker.invokeTestMethods(Invoker.java:988)
at org.testng.internal.TestMethodWorker.invokeTestMethods(TestMethodWorker.java:125)
at org.testng.internal.TestMethodWorker.run(TestMethodWorker.java:109)
at org.testng.TestRunner.privateRun(TestRunner.java:648)
at org.testng.TestRunner.run(TestRunner.java:505)
at org.testng.SuiteRunner.runTest(SuiteRunner.java:455)
at org.testng.SuiteRunner.runSequentially(SuiteRunner.java:450)
at org.testng.SuiteRunner.privateRun(SuiteRunner.java:415)
at org.testng.SuiteRunner.run(SuiteRunner.java:364)
at org.testng.SuiteRunnerWorker.runSuite(SuiteRunnerWorker.java:52)
at org.testng.SuiteRunnerWorker.run(SuiteRunnerWorker.java:84)
at org.testng.TestNG.runSuitesSequentially(TestNG.java:1208)
at org.testng.TestNG.runSuitesSequentially(TestNG.java:1204)
at org.testng.TestNG.runSuitesLocally(TestNG.java:1137)
at org.testng.TestNG.runSuites(TestNG.java:1049)
at org.testng.TestNG.run(TestNG.java:1017)
at org.testng.remote.AbstractRemoteTestNG.run(AbstractRemoteTestNG.java:114)
at org.testng.remote.RemoteTestNG.initAndRun(RemoteTestNG.java:251)
at org.testng.remote.RemoteTestNG.main(RemoteTestNG.java:77)
]]>
            </full-stacktrace>
          </exception> <!-- org.testng.SkipException -->
          <reporter-output>
          </reporter-output>
        </test-method> <!-- test1 -->
        <test-method status="PASS" signature="test1(java.util.Hashtable)[pri:0, instance:com.selenium.framework.datadriven.suiteA.Test1@6b09bb57]" name="test1" duration-ms="46" started-at="2018-12-22T07:51:01Z" data-provider="suiteADataProvider" finished-at="2018-12-22T07:51:01Z">
          <params>
            <param index="0">
              <value>
                <![CDATA[{Col4=C34, Col3=C33, Col2=C32, Col1=C31, Runmode=Y, Result=}]]>
              </value>
            </param>
          </params>
          <reporter-output>
          </reporter-output>
        </test-method> <!-- test1 -->
        <test-method status="PASS" signature="test1(java.util.Hashtable)[pri:0, instance:com.selenium.framework.datadriven.suiteA.Test1@6b09bb57]" name="test1" duration-ms="50" started-at="2018-12-22T07:51:01Z" data-provider="suiteADataProvider" finished-at="2018-12-22T07:51:01Z">
          <params>
            <param index="0">
              <value>
                <![CDATA[{Col4=C44, Col3=C43, Col2=C42, Col1=C41, Runmode=Y, Result=}]]>
              </value>
            </param>
          </params>
          <reporter-output>
          </reporter-output>
        </test-method> <!-- test1 -->
      </class> <!-- com.selenium.framework.datadriven.suiteA.Test1 -->
    </test> <!-- Test1 -->
    <test name="Test2" duration-ms="104" started-at="2018-12-22T07:51:01Z" finished-at="2018-12-22T07:51:01Z">
      <class name="com.selenium.framework.datadriven.suiteA.Test2">
        <test-method status="PASS" signature="test2(java.util.Hashtable)[pri:0, instance:com.selenium.framework.datadriven.suiteA.Test2@2758fe70]" name="test2" duration-ms="54" started-at="2018-12-22T07:51:01Z" data-provider="suiteADataProvider" finished-at="2018-12-22T07:51:01Z">
          <params>
            <param index="0">
              <value>
                <![CDATA[{Col4=C14, Col3=C13, Col2=C12, Col1=C11, Runmode=Y, Result=}]]>
              </value>
            </param>
          </params>
          <reporter-output>
          </reporter-output>
        </test-method> <!-- test2 -->
      </class> <!-- com.selenium.framework.datadriven.suiteA.Test2 -->
    </test> <!-- Test2 -->
  </suite> <!-- Suite A -->
  <suite name="My suite" duration-ms="0" started-at="2018-12-22T07:51:02Z" finished-at="2018-12-22T07:51:02Z">
    <groups>
    </groups>
  </suite> <!-- My suite -->
</testng-results>
